Looking for tests in: /home/william/synoptic/synoptic/bin/
Running tests: [synoptic.tests.units.POLogInvariantMiningTests, synoptic.tests.units.TimedTaskTests, synoptic.tests.units.TraceNormalizationTests, synoptic.tests.units.ConstrainedTracingSetTests, synoptic.tests.units.ChainsTraceGraphTests, synoptic.tests.units.SynDaikonizerTests, synoptic.tests.units.AllRelationsTransitiveClosureTests, synoptic.tests.units.ImmediateInvariantMinerTests, synoptic.tests.units.EventTypeTests, synoptic.tests.units.JsonExporterTests, synoptic.tests.units.BisimulationTests, synoptic.tests.units.SingleRelationSubgraphsInvariantMiningTests, synoptic.tests.units.ResourceTests, synoptic.tests.units.ConstrainedRefinementTests, synoptic.tests.units.TOLogInvariantMiningTests, synoptic.tests.units.TraceParserTests, synoptic.tests.units.FloydWarshallTests, synoptic.tests.units.DAGsTraceGraphTests, synoptic.tests.units.ListedPropertiesTests, synoptic.tests.units.InvariantStatisticsTests, synoptic.tests.units.VectorTimeTests, synoptic.tests.units.ModelCheckersTests, synoptic.tests.units.DaikonVarTypeTests, synoptic.tests.units.CounterExampleShorteningTests, synoptic.tests.units.KTailsTests, synoptic.tests.units.TopologicalKTailsTests, synoptic.tests.units.ResourceSeriesTests, synoptic.tests.units.TemporalInvariantSetTests, synoptic.tests.units.GraphVizExporterTests, synoptic.tests.units.KTailInvariantMinerTests, synoptic.tests.units.FsmStateSetTests, synoptic.tests.units.TempConstrainedInvariantTests, synoptic.tests.units.TransitionDeltaTests, synoptic.tests.units.BiRelationInvariantMiningTests, synoptic.tests.units.DAGsTraceGraphTCTests, synoptic.tests.units.PartitionGraphTests, synoptic.tests.units.ConstrainedInvMinerTests]
JUnit version 4.9b2
.............................................................................                                                                               .                                                                               .                                                                               .........E.E.E.E.E.E.E.E.E..................................................................................................................................................................................................................................................................................................................................[Binary inv:a AlwaysFollowedBy(t) b, Constraint: lowerbound = 2, Binary inv:a AlwaysFollowedBy(t) b, Constraint: upperbound = 6, Binary inv:a AlwaysPrecedes(t) b, Constraint: lowerbound = 2, Binary inv:a AlwaysPrecedes(t) b, Constraint: upperbound = 6, Binary inv:a IntrBy(t) b, Constraint: lowerbound = 2, Binary inv:a IntrBy(t) b, Constraint: upperbound = 2, Binary inv:b IntrBy(t) a, Constraint: lowerbound = -2, Binary inv:b IntrBy(t) a, Constraint: upperbound = -2]
....
Time: 4.743
There were 9 failures:
1) displayableTest(synoptic.tests.units.JsonExporterTests)
java.lang.AssertionError
	at synoptic.model.export.JsonExporter.exportJsonObject(JsonExporter.java:130)
	at synoptic.tests.units.JsonExporterTests.createEvGraph(JsonExporterTests.java:76)
	at synoptic.tests.units.JsonExporterTests.displayableTest(JsonExporterTests.java:144)
	at sun.reflect.NativeMethodAccessorImpl.invoke0(Native Method)
	at sun.reflect.NativeMethodAccessorImpl.invoke(NativeMethodAccessorImpl.java:62)
	at sun.reflect.DelegatingMethodAccessorImpl.invoke(DelegatingMethodAccessorImpl.java:43)
	at java.lang.reflect.Method.invoke(Method.java:498)
	at org.junit.runners.model.FrameworkMethod$1.runReflectiveCall(FrameworkMethod.java:44)
	at org.junit.internal.runners.model.ReflectiveCallable.run(ReflectiveCallable.java:15)
	at org.junit.runners.model.FrameworkMethod.invokeExplosively(FrameworkMethod.java:41)
	at org.junit.internal.runners.statements.InvokeMethod.evaluate(InvokeMethod.java:20)
	at org.junit.runners.ParentRunner.runLeaf(ParentRunner.java:274)
	at org.junit.runners.BlockJUnit4ClassRunner.runChild(BlockJUnit4ClassRunner.java:70)
	at org.junit.runners.BlockJUnit4ClassRunner.runChild(BlockJUnit4ClassRunner.java:48)
	at org.junit.runners.ParentRunner$3.run(ParentRunner.java:242)
	at org.junit.runners.ParentRunner$1.schedule(ParentRunner.java:58)
	at org.junit.runners.ParentRunner.runChildren(ParentRunner.java:240)
	at org.junit.runners.ParentRunner.access$000(ParentRunner.java:48)
	at org.junit.runners.ParentRunner$2.evaluate(ParentRunner.java:233)
	at org.junit.runners.ParentRunner.run(ParentRunner.java:303)
	at org.junit.runners.Suite.runChild(Suite.java:128)
	at org.junit.runners.Suite.runChild(Suite.java:24)
	at org.junit.runners.ParentRunner$3.run(ParentRunner.java:242)
	at org.junit.runners.ParentRunner$1.schedule(ParentRunner.java:58)
	at org.junit.runners.ParentRunner.runChildren(ParentRunner.java:240)
	at org.junit.runners.ParentRunner.access$000(ParentRunner.java:48)
	at org.junit.runners.ParentRunner$2.evaluate(ParentRunner.java:233)
	at org.junit.runners.ParentRunner.run(ParentRunner.java:303)
	at org.junit.runner.JUnitCore.run(JUnitCore.java:157)
	at org.junit.runner.JUnitCore.run(JUnitCore.java:136)
	at org.junit.runner.JUnitCore.run(JUnitCore.java:117)
	at org.junit.runner.JUnitCore.runMain(JUnitCore.java:98)
	at org.junit.runner.JUnitCore.runMainAndExit(JUnitCore.java:53)
	at org.junit.runner.JUnitCore.main(JUnitCore.java:45)
	at synoptic.tests.SynopticLibTest.runTests(SynopticLibTest.java:66)
	at synoptic.main.AbstractMain.processArgs(AbstractMain.java:164)
	at synoptic.main.PerfumeMain.processArgs(PerfumeMain.java:80)
	at synoptic.main.PerfumeMain.main(PerfumeMain.java:41)
2) nodesTest(synoptic.tests.units.JsonExporterTests)
java.lang.AssertionError
	at synoptic.model.export.JsonExporter.exportJsonObject(JsonExporter.java:130)
	at synoptic.tests.units.JsonExporterTests.createEvGraph(JsonExporterTests.java:76)
	at synoptic.tests.units.JsonExporterTests.nodesTest(JsonExporterTests.java:182)
	at sun.reflect.NativeMethodAccessorImpl.invoke0(Native Method)
	at sun.reflect.NativeMethodAccessorImpl.invoke(NativeMethodAccessorImpl.java:62)
	at sun.reflect.DelegatingMethodAccessorImpl.invoke(DelegatingMethodAccessorImpl.java:43)
	at java.lang.reflect.Method.invoke(Method.java:498)
	at org.junit.runners.model.FrameworkMethod$1.runReflectiveCall(FrameworkMethod.java:44)
	at org.junit.internal.runners.model.ReflectiveCallable.run(ReflectiveCallable.java:15)
	at org.junit.runners.model.FrameworkMethod.invokeExplosively(FrameworkMethod.java:41)
	at org.junit.internal.runners.statements.InvokeMethod.evaluate(InvokeMethod.java:20)
	at org.junit.runners.ParentRunner.runLeaf(ParentRunner.java:274)
	at org.junit.runners.BlockJUnit4ClassRunner.runChild(BlockJUnit4ClassRunner.java:70)
	at org.junit.runners.BlockJUnit4ClassRunner.runChild(BlockJUnit4ClassRunner.java:48)
	at org.junit.runners.ParentRunner$3.run(ParentRunner.java:242)
	at org.junit.runners.ParentRunner$1.schedule(ParentRunner.java:58)
	at org.junit.runners.ParentRunner.runChildren(ParentRunner.java:240)
	at org.junit.runners.ParentRunner.access$000(ParentRunner.java:48)
	at org.junit.runners.ParentRunner$2.evaluate(ParentRunner.java:233)
	at org.junit.runners.ParentRunner.run(ParentRunner.java:303)
	at org.junit.runners.Suite.runChild(Suite.java:128)
	at org.junit.runners.Suite.runChild(Suite.java:24)
	at org.junit.runners.ParentRunner$3.run(ParentRunner.java:242)
	at org.junit.runners.ParentRunner$1.schedule(ParentRunner.java:58)
	at org.junit.runners.ParentRunner.runChildren(ParentRunner.java:240)
	at org.junit.runners.ParentRunner.access$000(ParentRunner.java:48)
	at org.junit.runners.ParentRunner$2.evaluate(ParentRunner.java:233)
	at org.junit.runners.ParentRunner.run(ParentRunner.java:303)
	at org.junit.runner.JUnitCore.run(JUnitCore.java:157)
	at org.junit.runner.JUnitCore.run(JUnitCore.java:136)
	at org.junit.runner.JUnitCore.run(JUnitCore.java:117)
	at org.junit.runner.JUnitCore.runMain(JUnitCore.java:98)
	at org.junit.runner.JUnitCore.runMainAndExit(JUnitCore.java:53)
	at org.junit.runner.JUnitCore.main(JUnitCore.java:45)
	at synoptic.tests.SynopticLibTest.runTests(SynopticLibTest.java:66)
	at synoptic.main.AbstractMain.processArgs(AbstractMain.java:164)
	at synoptic.main.PerfumeMain.processArgs(PerfumeMain.java:80)
	at synoptic.main.PerfumeMain.main(PerfumeMain.java:41)
3) edgesTest(synoptic.tests.units.JsonExporterTests)
java.lang.AssertionError
	at synoptic.model.export.JsonExporter.exportJsonObject(JsonExporter.java:130)
	at synoptic.tests.units.JsonExporterTests.createEvGraph(JsonExporterTests.java:76)
	at synoptic.tests.units.JsonExporterTests.edgesTest(JsonExporterTests.java:217)
	at sun.reflect.NativeMethodAccessorImpl.invoke0(Native Method)
	at sun.reflect.NativeMethodAccessorImpl.invoke(NativeMethodAccessorImpl.java:62)
	at sun.reflect.DelegatingMethodAccessorImpl.invoke(DelegatingMethodAccessorImpl.java:43)
	at java.lang.reflect.Method.invoke(Method.java:498)
	at org.junit.runners.model.FrameworkMethod$1.runReflectiveCall(FrameworkMethod.java:44)
	at org.junit.internal.runners.model.ReflectiveCallable.run(ReflectiveCallable.java:15)
	at org.junit.runners.model.FrameworkMethod.invokeExplosively(FrameworkMethod.java:41)
	at org.junit.internal.runners.statements.InvokeMethod.evaluate(InvokeMethod.java:20)
	at org.junit.runners.ParentRunner.runLeaf(ParentRunner.java:274)
	at org.junit.runners.BlockJUnit4ClassRunner.runChild(BlockJUnit4ClassRunner.java:70)
	at org.junit.runners.BlockJUnit4ClassRunner.runChild(BlockJUnit4ClassRunner.java:48)
	at org.junit.runners.ParentRunner$3.run(ParentRunner.java:242)
	at org.junit.runners.ParentRunner$1.schedule(ParentRunner.java:58)
	at org.junit.runners.ParentRunner.runChildren(ParentRunner.java:240)
	at org.junit.runners.ParentRunner.access$000(ParentRunner.java:48)
	at org.junit.runners.ParentRunner$2.evaluate(ParentRunner.java:233)
	at org.junit.runners.ParentRunner.run(ParentRunner.java:303)
	at org.junit.runners.Suite.runChild(Suite.java:128)
	at org.junit.runners.Suite.runChild(Suite.java:24)
	at org.junit.runners.ParentRunner$3.run(ParentRunner.java:242)
	at org.junit.runners.ParentRunner$1.schedule(ParentRunner.java:58)
	at org.junit.runners.ParentRunner.runChildren(ParentRunner.java:240)
	at org.junit.runners.ParentRunner.access$000(ParentRunner.java:48)
	at org.junit.runners.ParentRunner$2.evaluate(ParentRunner.java:233)
	at org.junit.runners.ParentRunner.run(ParentRunner.java:303)
	at org.junit.runner.JUnitCore.run(JUnitCore.java:157)
	at org.junit.runner.JUnitCore.run(JUnitCore.java:136)
	at org.junit.runner.JUnitCore.run(JUnitCore.java:117)
	at org.junit.runner.JUnitCore.runMain(JUnitCore.java:98)
	at org.junit.runner.JUnitCore.runMainAndExit(JUnitCore.java:53)
	at org.junit.runner.JUnitCore.main(JUnitCore.java:45)
	at synoptic.tests.SynopticLibTest.runTests(SynopticLibTest.java:66)
	at synoptic.main.AbstractMain.processArgs(AbstractMain.java:164)
	at synoptic.main.PerfumeMain.processArgs(PerfumeMain.java:80)
	at synoptic.main.PerfumeMain.main(PerfumeMain.java:41)
4) eventTypesTest(synoptic.tests.units.JsonExporterTests)
java.lang.AssertionError
	at synoptic.model.export.JsonExporter.exportJsonObject(JsonExporter.java:130)
	at synoptic.tests.units.JsonExporterTests.createEvGraph(JsonExporterTests.java:76)
	at synoptic.tests.units.JsonExporterTests.eventTypesTest(JsonExporterTests.java:268)
	at sun.reflect.NativeMethodAccessorImpl.invoke0(Native Method)
	at sun.reflect.NativeMethodAccessorImpl.invoke(NativeMethodAccessorImpl.java:62)
	at sun.reflect.DelegatingMethodAccessorImpl.invoke(DelegatingMethodAccessorImpl.java:43)
	at java.lang.reflect.Method.invoke(Method.java:498)
	at org.junit.runners.model.FrameworkMethod$1.runReflectiveCall(FrameworkMethod.java:44)
	at org.junit.internal.runners.model.ReflectiveCallable.run(ReflectiveCallable.java:15)
	at org.junit.runners.model.FrameworkMethod.invokeExplosively(FrameworkMethod.java:41)
	at org.junit.internal.runners.statements.InvokeMethod.evaluate(InvokeMethod.java:20)
	at org.junit.runners.ParentRunner.runLeaf(ParentRunner.java:274)
	at org.junit.runners.BlockJUnit4ClassRunner.runChild(BlockJUnit4ClassRunner.java:70)
	at org.junit.runners.BlockJUnit4ClassRunner.runChild(BlockJUnit4ClassRunner.java:48)
	at org.junit.runners.ParentRunner$3.run(ParentRunner.java:242)
	at org.junit.runners.ParentRunner$1.schedule(ParentRunner.java:58)
	at org.junit.runners.ParentRunner.runChildren(ParentRunner.java:240)
	at org.junit.runners.ParentRunner.access$000(ParentRunner.java:48)
	at org.junit.runners.ParentRunner$2.evaluate(ParentRunner.java:233)
	at org.junit.runners.ParentRunner.run(ParentRunner.java:303)
	at org.junit.runners.Suite.runChild(Suite.java:128)
	at org.junit.runners.Suite.runChild(Suite.java:24)
	at org.junit.runners.ParentRunner$3.run(ParentRunner.java:242)
	at org.junit.runners.ParentRunner$1.schedule(ParentRunner.java:58)
	at org.junit.runners.ParentRunner.runChildren(ParentRunner.java:240)
	at org.junit.runners.ParentRunner.access$000(ParentRunner.java:48)
	at org.junit.runners.ParentRunner$2.evaluate(ParentRunner.java:233)
	at org.junit.runners.ParentRunner.run(ParentRunner.java:303)
	at org.junit.runner.JUnitCore.run(JUnitCore.java:157)
	at org.junit.runner.JUnitCore.run(JUnitCore.java:136)
	at org.junit.runner.JUnitCore.run(JUnitCore.java:117)
	at org.junit.runner.JUnitCore.runMain(JUnitCore.java:98)
	at org.junit.runner.JUnitCore.runMainAndExit(JUnitCore.java:53)
	at org.junit.runner.JUnitCore.main(JUnitCore.java:45)
	at synoptic.tests.SynopticLibTest.runTests(SynopticLibTest.java:66)
	at synoptic.main.AbstractMain.processArgs(AbstractMain.java:164)
	at synoptic.main.PerfumeMain.processArgs(PerfumeMain.java:80)
	at synoptic.main.PerfumeMain.main(PerfumeMain.java:41)
5) eventsTest(synoptic.tests.units.JsonExporterTests)
java.lang.AssertionError
	at synoptic.model.export.JsonExporter.exportJsonObject(JsonExporter.java:130)
	at synoptic.tests.units.JsonExporterTests.createEvGraph(JsonExporterTests.java:76)
	at synoptic.tests.units.JsonExporterTests.eventsTest(JsonExporterTests.java:304)
	at sun.reflect.NativeMethodAccessorImpl.invoke0(Native Method)
	at sun.reflect.NativeMethodAccessorImpl.invoke(NativeMethodAccessorImpl.java:62)
	at sun.reflect.DelegatingMethodAccessorImpl.invoke(DelegatingMethodAccessorImpl.java:43)
	at java.lang.reflect.Method.invoke(Method.java:498)
	at org.junit.runners.model.FrameworkMethod$1.runReflectiveCall(FrameworkMethod.java:44)
	at org.junit.internal.runners.model.ReflectiveCallable.run(ReflectiveCallable.java:15)
	at org.junit.runners.model.FrameworkMethod.invokeExplosively(FrameworkMethod.java:41)
	at org.junit.internal.runners.statements.InvokeMethod.evaluate(InvokeMethod.java:20)
	at org.junit.runners.ParentRunner.runLeaf(ParentRunner.java:274)
	at org.junit.runners.BlockJUnit4ClassRunner.runChild(BlockJUnit4ClassRunner.java:70)
	at org.junit.runners.BlockJUnit4ClassRunner.runChild(BlockJUnit4ClassRunner.java:48)
	at org.junit.runners.ParentRunner$3.run(ParentRunner.java:242)
	at org.junit.runners.ParentRunner$1.schedule(ParentRunner.java:58)
	at org.junit.runners.ParentRunner.runChildren(ParentRunner.java:240)
	at org.junit.runners.ParentRunner.access$000(ParentRunner.java:48)
	at org.junit.runners.ParentRunner$2.evaluate(ParentRunner.java:233)
	at org.junit.runners.ParentRunner.run(ParentRunner.java:303)
	at org.junit.runners.Suite.runChild(Suite.java:128)
	at org.junit.runners.Suite.runChild(Suite.java:24)
	at org.junit.runners.ParentRunner$3.run(ParentRunner.java:242)
	at org.junit.runners.ParentRunner$1.schedule(ParentRunner.java:58)
	at org.junit.runners.ParentRunner.runChildren(ParentRunner.java:240)
	at org.junit.runners.ParentRunner.access$000(ParentRunner.java:48)
	at org.junit.runners.ParentRunner$2.evaluate(ParentRunner.java:233)
	at org.junit.runners.ParentRunner.run(ParentRunner.java:303)
	at org.junit.runner.JUnitCore.run(JUnitCore.java:157)
	at org.junit.runner.JUnitCore.run(JUnitCore.java:136)
	at org.junit.runner.JUnitCore.run(JUnitCore.java:117)
	at org.junit.runner.JUnitCore.runMain(JUnitCore.java:98)
	at org.junit.runner.JUnitCore.runMainAndExit(JUnitCore.java:53)
	at org.junit.runner.JUnitCore.main(JUnitCore.java:45)
	at synoptic.tests.SynopticLibTest.runTests(SynopticLibTest.java:66)
	at synoptic.main.AbstractMain.processArgs(AbstractMain.java:164)
	at synoptic.main.PerfumeMain.processArgs(PerfumeMain.java:80)
	at synoptic.main.PerfumeMain.main(PerfumeMain.java:41)
6) invariantTypesTest(synoptic.tests.units.JsonExporterTests)
java.lang.NullPointerException
	at synoptic.model.export.JsonExporter.makeInvariantTypesJSON(JsonExporter.java:462)
	at synoptic.tests.units.JsonExporterTests.invariantTypesTest(JsonExporterTests.java:366)
	at sun.reflect.NativeMethodAccessorImpl.invoke0(Native Method)
	at sun.reflect.NativeMethodAccessorImpl.invoke(NativeMethodAccessorImpl.java:62)
	at sun.reflect.DelegatingMethodAccessorImpl.invoke(DelegatingMethodAccessorImpl.java:43)
	at java.lang.reflect.Method.invoke(Method.java:498)
	at org.junit.runners.model.FrameworkMethod$1.runReflectiveCall(FrameworkMethod.java:44)
	at org.junit.internal.runners.model.ReflectiveCallable.run(ReflectiveCallable.java:15)
	at org.junit.runners.model.FrameworkMethod.invokeExplosively(FrameworkMethod.java:41)
	at org.junit.internal.runners.statements.InvokeMethod.evaluate(InvokeMethod.java:20)
	at org.junit.runners.ParentRunner.runLeaf(ParentRunner.java:274)
	at org.junit.runners.BlockJUnit4ClassRunner.runChild(BlockJUnit4ClassRunner.java:70)
	at org.junit.runners.BlockJUnit4ClassRunner.runChild(BlockJUnit4ClassRunner.java:48)
	at org.junit.runners.ParentRunner$3.run(ParentRunner.java:242)
	at org.junit.runners.ParentRunner$1.schedule(ParentRunner.java:58)
	at org.junit.runners.ParentRunner.runChildren(ParentRunner.java:240)
	at org.junit.runners.ParentRunner.access$000(ParentRunner.java:48)
	at org.junit.runners.ParentRunner$2.evaluate(ParentRunner.java:233)
	at org.junit.runners.ParentRunner.run(ParentRunner.java:303)
	at org.junit.runners.Suite.runChild(Suite.java:128)
	at org.junit.runners.Suite.runChild(Suite.java:24)
	at org.junit.runners.ParentRunner$3.run(ParentRunner.java:242)
	at org.junit.runners.ParentRunner$1.schedule(ParentRunner.java:58)
	at org.junit.runners.ParentRunner.runChildren(ParentRunner.java:240)
	at org.junit.runners.ParentRunner.access$000(ParentRunner.java:48)
	at org.junit.runners.ParentRunner$2.evaluate(ParentRunner.java:233)
	at org.junit.runners.ParentRunner.run(ParentRunner.java:303)
	at org.junit.runner.JUnitCore.run(JUnitCore.java:157)
	at org.junit.runner.JUnitCore.run(JUnitCore.java:136)
	at org.junit.runner.JUnitCore.run(JUnitCore.java:117)
	at org.junit.runner.JUnitCore.runMain(JUnitCore.java:98)
	at org.junit.runner.JUnitCore.runMainAndExit(JUnitCore.java:53)
	at org.junit.runner.JUnitCore.main(JUnitCore.java:45)
	at synoptic.tests.SynopticLibTest.runTests(SynopticLibTest.java:66)
	at synoptic.main.AbstractMain.processArgs(AbstractMain.java:164)
	at synoptic.main.PerfumeMain.processArgs(PerfumeMain.java:80)
	at synoptic.main.PerfumeMain.main(PerfumeMain.java:41)
7) invariantsTest(synoptic.tests.units.JsonExporterTests)
java.lang.NullPointerException
	at synoptic.model.export.JsonExporter.makeInvariantsJSON(JsonExporter.java:512)
	at synoptic.tests.units.JsonExporterTests.invariantsTest(JsonExporterTests.java:411)
	at sun.reflect.NativeMethodAccessorImpl.invoke0(Native Method)
	at sun.reflect.NativeMethodAccessorImpl.invoke(NativeMethodAccessorImpl.java:62)
	at sun.reflect.DelegatingMethodAccessorImpl.invoke(DelegatingMethodAccessorImpl.java:43)
	at java.lang.reflect.Method.invoke(Method.java:498)
	at org.junit.runners.model.FrameworkMethod$1.runReflectiveCall(FrameworkMethod.java:44)
	at org.junit.internal.runners.model.ReflectiveCallable.run(ReflectiveCallable.java:15)
	at org.junit.runners.model.FrameworkMethod.invokeExplosively(FrameworkMethod.java:41)
	at org.junit.internal.runners.statements.InvokeMethod.evaluate(InvokeMethod.java:20)
	at org.junit.runners.ParentRunner.runLeaf(ParentRunner.java:274)
	at org.junit.runners.BlockJUnit4ClassRunner.runChild(BlockJUnit4ClassRunner.java:70)
	at org.junit.runners.BlockJUnit4ClassRunner.runChild(BlockJUnit4ClassRunner.java:48)
	at org.junit.runners.ParentRunner$3.run(ParentRunner.java:242)
	at org.junit.runners.ParentRunner$1.schedule(ParentRunner.java:58)
	at org.junit.runners.ParentRunner.runChildren(ParentRunner.java:240)
	at org.junit.runners.ParentRunner.access$000(ParentRunner.java:48)
	at org.junit.runners.ParentRunner$2.evaluate(ParentRunner.java:233)
	at org.junit.runners.ParentRunner.run(ParentRunner.java:303)
	at org.junit.runners.Suite.runChild(Suite.java:128)
	at org.junit.runners.Suite.runChild(Suite.java:24)
	at org.junit.runners.ParentRunner$3.run(ParentRunner.java:242)
	at org.junit.runners.ParentRunner$1.schedule(ParentRunner.java:58)
	at org.junit.runners.ParentRunner.runChildren(ParentRunner.java:240)
	at org.junit.runners.ParentRunner.access$000(ParentRunner.java:48)
	at org.junit.runners.ParentRunner$2.evaluate(ParentRunner.java:233)
	at org.junit.runners.ParentRunner.run(ParentRunner.java:303)
	at org.junit.runner.JUnitCore.run(JUnitCore.java:157)
	at org.junit.runner.JUnitCore.run(JUnitCore.java:136)
	at org.junit.runner.JUnitCore.run(JUnitCore.java:117)
	at org.junit.runner.JUnitCore.runMain(JUnitCore.java:98)
	at org.junit.runner.JUnitCore.runMainAndExit(JUnitCore.java:53)
	at org.junit.runner.JUnitCore.main(JUnitCore.java:45)
	at synoptic.tests.SynopticLibTest.runTests(SynopticLibTest.java:66)
	at synoptic.main.AbstractMain.processArgs(AbstractMain.java:164)
	at synoptic.main.PerfumeMain.processArgs(PerfumeMain.java:80)
	at synoptic.main.PerfumeMain.main(PerfumeMain.java:41)
8) logStatementsTest(synoptic.tests.units.JsonExporterTests)
java.lang.AssertionError
	at synoptic.model.export.JsonExporter.exportJsonObject(JsonExporter.java:130)
	at synoptic.tests.units.JsonExporterTests.createEvGraph(JsonExporterTests.java:76)
	at synoptic.tests.units.JsonExporterTests.logStatementsTest(JsonExporterTests.java:456)
	at sun.reflect.NativeMethodAccessorImpl.invoke0(Native Method)
	at sun.reflect.NativeMethodAccessorImpl.invoke(NativeMethodAccessorImpl.java:62)
	at sun.reflect.DelegatingMethodAccessorImpl.invoke(DelegatingMethodAccessorImpl.java:43)
	at java.lang.reflect.Method.invoke(Method.java:498)
	at org.junit.runners.model.FrameworkMethod$1.runReflectiveCall(FrameworkMethod.java:44)
	at org.junit.internal.runners.model.ReflectiveCallable.run(ReflectiveCallable.java:15)
	at org.junit.runners.model.FrameworkMethod.invokeExplosively(FrameworkMethod.java:41)
	at org.junit.internal.runners.statements.InvokeMethod.evaluate(InvokeMethod.java:20)
	at org.junit.runners.ParentRunner.runLeaf(ParentRunner.java:274)
	at org.junit.runners.BlockJUnit4ClassRunner.runChild(BlockJUnit4ClassRunner.java:70)
	at org.junit.runners.BlockJUnit4ClassRunner.runChild(BlockJUnit4ClassRunner.java:48)
	at org.junit.runners.ParentRunner$3.run(ParentRunner.java:242)
	at org.junit.runners.ParentRunner$1.schedule(ParentRunner.java:58)
	at org.junit.runners.ParentRunner.runChildren(ParentRunner.java:240)
	at org.junit.runners.ParentRunner.access$000(ParentRunner.java:48)
	at org.junit.runners.ParentRunner$2.evaluate(ParentRunner.java:233)
	at org.junit.runners.ParentRunner.run(ParentRunner.java:303)
	at org.junit.runners.Suite.runChild(Suite.java:128)
	at org.junit.runners.Suite.runChild(Suite.java:24)
	at org.junit.runners.ParentRunner$3.run(ParentRunner.java:242)
	at org.junit.runners.ParentRunner$1.schedule(ParentRunner.java:58)
	at org.junit.runners.ParentRunner.runChildren(ParentRunner.java:240)
	at org.junit.runners.ParentRunner.access$000(ParentRunner.java:48)
	at org.junit.runners.ParentRunner$2.evaluate(ParentRunner.java:233)
	at org.junit.runners.ParentRunner.run(ParentRunner.java:303)
	at org.junit.runner.JUnitCore.run(JUnitCore.java:157)
	at org.junit.runner.JUnitCore.run(JUnitCore.java:136)
	at org.junit.runner.JUnitCore.run(JUnitCore.java:117)
	at org.junit.runner.JUnitCore.runMain(JUnitCore.java:98)
	at org.junit.runner.JUnitCore.runMainAndExit(JUnitCore.java:53)
	at org.junit.runner.JUnitCore.main(JUnitCore.java:45)
	at synoptic.tests.SynopticLibTest.runTests(SynopticLibTest.java:66)
	at synoptic.main.AbstractMain.processArgs(AbstractMain.java:164)
	at synoptic.main.PerfumeMain.processArgs(PerfumeMain.java:80)
	at synoptic.main.PerfumeMain.main(PerfumeMain.java:41)
9) linksTest(synoptic.tests.units.JsonExporterTests)
java.lang.AssertionError
	at synoptic.model.export.JsonExporter.exportJsonObject(JsonExporter.java:130)
	at synoptic.tests.units.JsonExporterTests.createEvGraph(JsonExporterTests.java:76)
	at synoptic.tests.units.JsonExporterTests.linksTest(JsonExporterTests.java:499)
	at sun.reflect.NativeMethodAccessorImpl.invoke0(Native Method)
	at sun.reflect.NativeMethodAccessorImpl.invoke(NativeMethodAccessorImpl.java:62)
	at sun.reflect.DelegatingMethodAccessorImpl.invoke(DelegatingMethodAccessorImpl.java:43)
	at java.lang.reflect.Method.invoke(Method.java:498)
	at org.junit.runners.model.FrameworkMethod$1.runReflectiveCall(FrameworkMethod.java:44)
	at org.junit.internal.runners.model.ReflectiveCallable.run(ReflectiveCallable.java:15)
	at org.junit.runners.model.FrameworkMethod.invokeExplosively(FrameworkMethod.java:41)
	at org.junit.internal.runners.statements.InvokeMethod.evaluate(InvokeMethod.java:20)
	at org.junit.runners.ParentRunner.runLeaf(ParentRunner.java:274)
	at org.junit.runners.BlockJUnit4ClassRunner.runChild(BlockJUnit4ClassRunner.java:70)
	at org.junit.runners.BlockJUnit4ClassRunner.runChild(BlockJUnit4ClassRunner.java:48)
	at org.junit.runners.ParentRunner$3.run(ParentRunner.java:242)
	at org.junit.runners.ParentRunner$1.schedule(ParentRunner.java:58)
	at org.junit.runners.ParentRunner.runChildren(ParentRunner.java:240)
	at org.junit.runners.ParentRunner.access$000(ParentRunner.java:48)
	at org.junit.runners.ParentRunner$2.evaluate(ParentRunner.java:233)
	at org.junit.runners.ParentRunner.run(ParentRunner.java:303)
	at org.junit.runners.Suite.runChild(Suite.java:128)
	at org.junit.runners.Suite.runChild(Suite.java:24)
	at org.junit.runners.ParentRunner$3.run(ParentRunner.java:242)
	at org.junit.runners.ParentRunner$1.schedule(ParentRunner.java:58)
	at org.junit.runners.ParentRunner.runChildren(ParentRunner.java:240)
	at org.junit.runners.ParentRunner.access$000(ParentRunner.java:48)
	at org.junit.runners.ParentRunner$2.evaluate(ParentRunner.java:233)
	at org.junit.runners.ParentRunner.run(ParentRunner.java:303)
	at org.junit.runner.JUnitCore.run(JUnitCore.java:157)
	at org.junit.runner.JUnitCore.run(JUnitCore.java:136)
	at org.junit.runner.JUnitCore.run(JUnitCore.java:117)
	at org.junit.runner.JUnitCore.runMain(JUnitCore.java:98)
	at org.junit.runner.JUnitCore.runMainAndExit(JUnitCore.java:53)
	at org.junit.runner.JUnitCore.main(JUnitCore.java:45)
	at synoptic.tests.SynopticLibTest.runTests(SynopticLibTest.java:66)
	at synoptic.main.AbstractMain.processArgs(AbstractMain.java:164)
	at synoptic.main.PerfumeMain.processArgs(PerfumeMain.java:80)
	at synoptic.main.PerfumeMain.main(PerfumeMain.java:41)

FAILURES!!!
Tests run: 422,  Failures: 9

